<?xml version="1.0" encoding="UTF-8"?>
<!-- Generated by org.testng.reporters.JUnitXMLReporter -->
<testsuite hostname="vdc01dllap0284" ignored="0" name="Verification of vot login page of voot application in chrome    browser" tests="3" failures="0" timestamp="22 Mar 2018 07:28:38 GMT" time="41.127" errors="0">
  <testcase name="@AfterClass tearDown" time="0.0" classname="Voot.smac.pages.test.BaseClass">
    <failure type="java.lang.IllegalArgumentException" message="wrong number of arguments">
      <![CDATA[java.lang.IllegalArgumentException: wrong number of arguments
... Removed 25 stack frames]]>
    </failure>
  </testcase> <!-- @AfterClass tearDown -->
  <testcase name="@AfterTest endReport" time="0.0" classname="Voot.smac.pages.test.BaseClass">
    <skipped/>
  </testcase> <!-- @AfterTest endReport -->
  <testcase name="verifyLoginScreeen" time="24.225" classname="Voot.smac.pages.test.VootLoginPageTest"/>
  <testcase name="EnterbankEmailidandverifyerrormessage" time="2.419" classname="Voot.smac.pages.test.VootLoginPageTest"/>
  <testcase name="enter_valid_Email_In_input_Text_field" time="0.632" classname="Voot.smac.pages.test.VootLoginPageTest"/>
</testsuite> <!-- Verification of vot login page of voot application in chrome    browser -->
