<?xml version="1.0" encoding="UTF-8"?>
<!-- Generated by org.testng.reporters.JUnitXMLReporter -->
<testsuite hostname="vdc01dllap0284" ignored="0" name="Verification of show page of voot application in chrome browser" tests="1" failures="1" timestamp="12 Jan 2018 06:09:04 GMT" time="11.971" errors="0">
  <testcase name="clickedshowlink" time="0.405" classname="Voot.smac.pages.test.ShowPagesTest">
    <failure type="org.openqa.selenium.WebDriverException" message="unknown error: Element &amp;lt;a class=&amp;quot;mdl-layout__tab&amp;quot; href=&amp;quot;/shows/kasam/1/380386&amp;quot;&amp;gt;...&amp;lt;/a&amp;gt; is not clickable at point (277, 204). Other element would receive the click: &amp;lt;div class=&amp;quot;mdl-cell-20&amp;quot; id=&amp;quot;Featured Shows&amp;quot;&amp;gt;...&amp;lt;/div&amp;gt;
  (Session info: chrome=63.0.3239.132)
  (Driver info: chromedriver=2.34.522940 (1a76f96f66e3ca7b8e57d503b4dd3bccfba87af1),platform=Windows NT 6.1.7601 SP1 x86_64) (WARNING: The server did not provide any stacktrace information)
Command duration or timeout: 51 milliseconds
Build info: version: &amp;apos;3.3.0&amp;apos;, revision: &amp;apos;b526bd5b41&amp;apos;, time: &amp;apos;2017-03-07 19:26:04 +0000&amp;apos;
System info: host: &amp;apos;VDC01DLLAP0284&amp;apos;, ip: &amp;apos;192.168.167.201&amp;apos;, os.name: &amp;apos;Windows 7&amp;apos;, os.arch: &amp;apos;amd64&amp;apos;, os.version: &amp;apos;6.1&amp;apos;, java.version: &amp;apos;1.8.0_45&amp;apos;
Driver info: org.openqa.selenium.chrome.ChromeDriver
Capabilities [{applicationCacheEnabled=false, rotatable=false, mobileEmulationEnabled=false, networkConnectionEnabled=false, chrome={chromedriverVersion=2.34.522940 (1a76f96f66e3ca7b8e57d503b4dd3bccfba87af1), userDataDir=C:\Users\RAVIND~1.PAR\AppData\Local\Temp\scoped_dir3140_18431}, takesHeapSnapshot=true, pageLoadStrategy=normal, databaseEnabled=false, handlesAlerts=true, hasTouchScreen=false, version=63.0.3239.132, platform=XP, browserConnectionEnabled=false, nativeEvents=true, acceptSslCerts=true, locationContextEnabled=true, webStorageEnabled=true, browserName=chrome, takesScreenshot=true, javascriptEnabled=true, cssSelectorsEnabled=true, setWindowRect=true, unexpectedAlertBehaviour=}]
Session ID: b28e19b585cee18d856876cb42a991c0">
      <![CDATA[org.openqa.selenium.WebDriverException: unknown error: Element <a class="mdl-layout__tab" href="/shows/kasam/1/380386">...</a> is not clickable at point (277, 204). Other element would receive the click: <div class="mdl-cell-20" id="Featured Shows">...</div>
  (Session info: chrome=63.0.3239.132)
  (Driver info: chromedriver=2.34.522940 (1a76f96f66e3ca7b8e57d503b4dd3bccfba87af1),platform=Windows NT 6.1.7601 SP1 x86_64) (WARNING: The server did not provide any stacktrace information)
Command duration or timeout: 51 milliseconds
Build info: version: '3.3.0', revision: 'b526bd5b41', time: '2017-03-07 19:26:04 +0000'
System info: host: 'VDC01DLLAP0284', ip: '192.168.167.201', os.name: 'Windows 7', os.arch: 'amd64', os.version: '6.1', java.version: '1.8.0_45'
Driver info: org.openqa.selenium.chrome.ChromeDriver
Capabilities [{applicationCacheEnabled=false, rotatable=false, mobileEmulationEnabled=false, networkConnectionEnabled=false, chrome={chromedriverVersion=2.34.522940 (1a76f96f66e3ca7b8e57d503b4dd3bccfba87af1), userDataDir=C:\Users\RAVIND~1.PAR\AppData\Local\Temp\scoped_dir3140_18431}, takesHeapSnapshot=true, pageLoadStrategy=normal, databaseEnabled=false, handlesAlerts=true, hasTouchScreen=false, version=63.0.3239.132, platform=XP, browserConnectionEnabled=false, nativeEvents=true, acceptSslCerts=true, locationContextEnabled=true, webStorageEnabled=true, browserName=chrome, takesScreenshot=true, javascriptEnabled=true, cssSelectorsEnabled=true, setWindowRect=true, unexpectedAlertBehaviour=}]
Session ID: b28e19b585cee18d856876cb42a991c0
	at org.openqa.selenium.remote.ErrorHandler.createThrowable(ErrorHandler.java:216)
	at org.openqa.selenium.remote.ErrorHandler.throwIfResponseFailed(ErrorHandler.java:168)
	at org.openqa.selenium.remote.RemoteWebDriver.execute(RemoteWebDriver.java:638)
	at org.openqa.selenium.remote.RemoteWebElement.execute(RemoteWebElement.java:274)
	at org.openqa.selenium.remote.RemoteWebElement.click(RemoteWebElement.java:84)
	at Voot.smac.pages.ShowsPages.clickShowsLinkinheader(ShowsPages.java:39)
	at Voot.smac.pages.test.ShowPagesTest.clickedshowlink(ShowPagesTest.java:9)
... Removed 29 stack frames]]>
    </failure>
  </testcase> <!-- clickedshowlink -->
</testsuite> <!-- Verification of show page of voot application in chrome browser -->
