<?xml version="1.0" encoding="UTF-8"?>
<!-- Generated by org.testng.reporters.JUnitXMLReporter -->
<testsuite hostname="vdc01dllap0284" ignored="0" name="Verification of movie page of voot application in chrome browser" tests="5" failures="0" timestamp="21 Mar 2018 14:24:25 GMT" time="302.472" errors="0">
  <testcase name="@BeforeMethod setBrowsers" time="302.365" classname="Voot.smac.pages.test.BaseClass">
    <failure type="org.openqa.selenium.TimeoutException" message="timeout
  (Session info: chrome=64.0.3282.186)
  (Driver info: chromedriver=2.34.522940 (1a76f96f66e3ca7b8e57d503b4dd3bccfba87af1),platform=Windows NT 6.1.7601 SP1 x86_64) (WARNING: The server did not provide any stacktrace information)
Command duration or timeout: 300.05 seconds
Build info: version: &amp;apos;3.3.0&amp;apos;, revision: &amp;apos;b526bd5b41&amp;apos;, time: &amp;apos;2017-03-07 19:26:04 +0000&amp;apos;
System info: host: &amp;apos;VDC01DLLAP0284&amp;apos;, ip: &amp;apos;192.168.167.201&amp;apos;, os.name: &amp;apos;Windows 7&amp;apos;, os.arch: &amp;apos;amd64&amp;apos;, os.version: &amp;apos;6.1&amp;apos;, java.version: &amp;apos;1.8.0_45&amp;apos;
Driver info: org.openqa.selenium.chrome.ChromeDriver
Capabilities [{applicationCacheEnabled=false, rotatable=false, mobileEmulationEnabled=false, networkConnectionEnabled=false, chrome={chromedriverVersion=2.34.522940 (1a76f96f66e3ca7b8e57d503b4dd3bccfba87af1), userDataDir=C:\Users\RAVIND~1.PAR\AppData\Local\Temp\scoped_dir9024_24331}, takesHeapSnapshot=true, pageLoadStrategy=normal, databaseEnabled=false, handlesAlerts=true, hasTouchScreen=false, version=64.0.3282.186, platform=XP, browserConnectionEnabled=false, nativeEvents=true, acceptSslCerts=true, locationContextEnabled=true, webStorageEnabled=true, browserName=chrome, takesScreenshot=true, javascriptEnabled=true, cssSelectorsEnabled=true, setWindowRect=true, unexpectedAlertBehaviour=}]
Session ID: cc69a5576848197d33828b29d2e50c60">
      <![CDATA[org.openqa.selenium.TimeoutException: timeout
  (Session info: chrome=64.0.3282.186)
  (Driver info: chromedriver=2.34.522940 (1a76f96f66e3ca7b8e57d503b4dd3bccfba87af1),platform=Windows NT 6.1.7601 SP1 x86_64) (WARNING: The server did not provide any stacktrace information)
Command duration or timeout: 300.05 seconds
Build info: version: '3.3.0', revision: 'b526bd5b41', time: '2017-03-07 19:26:04 +0000'
System info: host: 'VDC01DLLAP0284', ip: '192.168.167.201', os.name: 'Windows 7', os.arch: 'amd64', os.version: '6.1', java.version: '1.8.0_45'
Driver info: org.openqa.selenium.chrome.ChromeDriver
Capabilities [{applicationCacheEnabled=false, rotatable=false, mobileEmulationEnabled=false, networkConnectionEnabled=false, chrome={chromedriverVersion=2.34.522940 (1a76f96f66e3ca7b8e57d503b4dd3bccfba87af1), userDataDir=C:\Users\RAVIND~1.PAR\AppData\Local\Temp\scoped_dir9024_24331}, takesHeapSnapshot=true, pageLoadStrategy=normal, databaseEnabled=false, handlesAlerts=true, hasTouchScreen=false, version=64.0.3282.186, platform=XP, browserConnectionEnabled=false, nativeEvents=true, acceptSslCerts=true, locationContextEnabled=true, webStorageEnabled=true, browserName=chrome, takesScreenshot=true, javascriptEnabled=true, cssSelectorsEnabled=true, setWindowRect=true, unexpectedAlertBehaviour=}]
Session ID: cc69a5576848197d33828b29d2e50c60
	at org.openqa.selenium.remote.ErrorHandler.createThrowable(ErrorHandler.java:216)
	at org.openqa.selenium.remote.ErrorHandler.throwIfResponseFailed(ErrorHandler.java:168)
	at org.openqa.selenium.remote.RemoteWebDriver.execute(RemoteWebDriver.java:638)
	at org.openqa.selenium.remote.RemoteWebDriver.get(RemoteWebDriver.java:325)
	at Voot.smac.pages.test.BaseClass.setBrowsers(BaseClass.java:81)
... Removed 30 stack frames]]>
    </failure>
  </testcase> <!-- @BeforeMethod setBrowsers -->
  <testcase name="@BeforeMethod setBrowsers" time="0.0" classname="Voot.smac.pages.test.BaseClass">
    <skipped/>
  </testcase> <!-- @BeforeMethod setBrowsers -->
  <testcase name="@BeforeMethod setBrowsers" time="0.0" classname="Voot.smac.pages.test.BaseClass">
    <skipped/>
  </testcase> <!-- @BeforeMethod setBrowsers -->
  <testcase name="@BeforeMethod setBrowsers" time="0.0" classname="Voot.smac.pages.test.BaseClass">
    <skipped/>
  </testcase> <!-- @BeforeMethod setBrowsers -->
  <testcase name="@BeforeMethod setBrowsers" time="0.0" classname="Voot.smac.pages.test.BaseClass">
    <skipped/>
  </testcase> <!-- @BeforeMethod setBrowsers -->
  <testcase name="@AfterTest endReport" time="0.0" classname="Voot.smac.pages.test.BaseClass">
    <skipped/>
  </testcase> <!-- @AfterTest endReport -->
  <testcase name="mousehoveronMoviesintheheaderandverify" time="0.001" classname="Voot.smac.pages.test.MoviesPageTest">
    <skipped/>
  </testcase> <!-- mousehoveronMoviesintheheaderandverify -->
  <testcase name="verifyPopularHindiMoviesValue" time="0.0" classname="Voot.smac.pages.test.MoviesPageTest">
    <skipped/>
  </testcase> <!-- verifyPopularHindiMoviesValue -->
  <testcase name="verifyPopularkannadaMoviesValue" time="0.0" classname="Voot.smac.pages.test.MoviesPageTest">
    <skipped/>
  </testcase> <!-- verifyPopularkannadaMoviesValue -->
  <testcase name="verifyPopularBangaliMoviesValue" time="0.0" classname="Voot.smac.pages.test.MoviesPageTest">
    <skipped/>
  </testcase> <!-- verifyPopularBangaliMoviesValue -->
  <testcase name="verifyPopularKidsMoviesValue" time="0.0" classname="Voot.smac.pages.test.MoviesPageTest">
    <skipped/>
  </testcase> <!-- verifyPopularKidsMoviesValue -->
</testsuite> <!-- Verification of movie page of voot application in chrome browser -->
