<html>
<head>
<title>TestNG:  Verification of Home page of voot application in chrome    browser</title>
<link href="../testng.css" rel="stylesheet" type="text/css" />
<link href="../my-testng.css" rel="stylesheet" type="text/css" />

<style type="text/css">
.log { display: none;} 
.stack-trace { display: none;} 
</style>
<script type="text/javascript">
<!--
function flip(e) {
  current = e.style.display;
  if (current == 'block') {
    e.style.display = 'none';
    return 0;
  }
  else {
    e.style.display = 'block';
    return 1;
  }
}

function toggleBox(szDivId, elem, msg1, msg2)
{
  var res = -1;  if (document.getElementById) {
    res = flip(document.getElementById(szDivId));
  }
  else if (document.all) {
    // this is the way old msie versions work
    res = flip(document.all[szDivId]);
  }
  if(elem) {
    if(res == 0) elem.innerHTML = msg1; else elem.innerHTML = msg2;
  }

}

function toggleAllBoxes() {
  if (document.getElementsByTagName) {
    d = document.getElementsByTagName('div');
    for (i = 0; i < d.length; i++) {
      if (d[i].className == 'log') {
        flip(d[i]);
      }
    }
  }
}

// -->
</script>

</head>
<body>
<h2 align='center'>Verification of Home page of voot application in chrome    browser</h2><table border='1' align="center">
<tr>
<td>Tests passed/Failed/Skipped:</td><td>0/0/12</td>
</tr><tr>
<td>Started on:</td><td>Sun Mar 25 14:50:56 IST 2018</td>
</tr>
<tr><td>Total time:</td><td>124 seconds (124291 ms)</td>
</tr><tr>
<td>Included groups:</td><td></td>
</tr><tr>
<td>Excluded groups:</td><td></td>
</tr>
</table><p/>
<small><i>(Hover the method name to see the test class name)</i></small><p/>
<table width='100%' border='1' class='invocation-failed'>
<tr><td colspan='4' align='center'><b>FAILED CONFIGURATIONS</b></td></tr>
<tr><td><b>Test method</b></td>
<td width="30%"><b>Exception</b></td>
<td width="10%"><b>Time (seconds)</b></td>
<td><b>Instance</b></td>
</tr>
<tr>
<td title='Voot.smac.pages.test.HomePageTest.setBrowsers()'><b>setBrowsers</b><br>Test class: Voot.smac.pages.test.HomePageTest<br>Parameters: firefox</td>
<td><div><pre>org.openqa.selenium.WebDriverException: Process unexpectedly closed with status 0
Build info: version: &apos;3.5.1&apos;, revision: &apos;9c21bb67ef&apos;, time: &apos;2017-08-17T15:26:08.955Z&apos;
System info: host: &apos;VDC01DLLAP0284&apos;, ip: &apos;192.168.23.5&apos;, os.name: &apos;Windows 7&apos;, os.arch: &apos;amd64&apos;, os.version: &apos;6.1&apos;, java.version: &apos;1.8.0_45&apos;
Driver info: driver.version: FirefoxDriver
remote stacktrace: 
	at org.openqa.selenium.remote.W3CHandshakeResponse.lambda$new$0(W3CHandshakeResponse.java:57)
	at org.openqa.selenium.remote.W3CHandshakeResponse$$Lambda$100/348055829.apply(Unknown Source)
	at org.openqa.selenium.remote.W3CHandshakeResponse.lambda$getResponseFunction$2(W3CHandshakeResponse.java:104)
	at org.openqa.selenium.remote.W3CHandshakeResponse$$Lambda$102/137275020.apply(Unknown Source)
	at org.openqa.selenium.remote.ProtocolHandshake.lambda$createSession$24(ProtocolHandshake.java:360)
	at org.openqa.selenium.remote.ProtocolHandshake$$Lambda$103/1508181426.apply(Unknown Source)
	at java.util.stream.ReferencePipeline$3$1.accept(ReferencePipeline.java:193)
	at java.util.Spliterators$ArraySpliterator.tryAdvance(Spliterators.java:958)
	at java.util.stream.ReferencePipeline.forEachWithCancel(ReferencePipeline.java:126)
	at java.util.stream.AbstractPipeline.copyIntoWithCancel(AbstractPipeline.java:529)
	at java.util.stream.AbstractPipeline.copyInto(AbstractPipeline.java:516)
	at java.util.stream.AbstractPipeline.wrapAndCopyInto(AbstractPipeline.java:502)
	at java.util.stream.FindOps$FindOp.evaluateSequential(FindOps.java:152)
	at java.util.stream.AbstractPipeline.evaluate(AbstractPipeline.java:234)
	at java.util.stream.ReferencePipeline.findFirst(ReferencePipeline.java:464)
	at org.openqa.selenium.remote.ProtocolHandshake.createSession(ProtocolHandshake.java:363)
	at org.openqa.selenium.remote.ProtocolHandshake.createSession(ProtocolHandshake.java:137)
	at org.openqa.selenium.remote.HttpCommandExecutor.execute(HttpCommandExecutor.java:142)
	at org.openqa.selenium.remote.service.DriverCommandExecutor.execute(DriverCommandExecutor.java:82)
	at org.openqa.selenium.remote.RemoteWebDriver.execute(RemoteWebDriver.java:641)
	at org.openqa.selenium.remote.RemoteWebDriver.startSession(RemoteWebDriver.java:254)
	at org.openqa.selenium.remote.RemoteWebDriver.startSession(RemoteWebDriver.java:236)
	at org.openqa.selenium.remote.RemoteWebDriver.&lt;init&gt;(RemoteWebDriver.java:137)
	at org.openqa.selenium.firefox.FirefoxDriver.&lt;init&gt;(FirefoxDriver.java:191)
	at org.openqa.selenium.firefox.FirefoxDriver.&lt;init&gt;(FirefoxDriver.java:103)
	at org.openqa.selenium.firefox.FirefoxDriver.&lt;init&gt;(FirefoxDriver.java:99)
	at Voot.smac.pages.test.BaseClass.setBrowsers(BaseClass.java:66)
	at org.apache.maven.surefire.testng.TestNGExecutor.run(TestNGExecutor.java:295)
	at org.apache.maven.surefire.testng.TestNGXmlTestSuite.execute(TestNGXmlTestSuite.java:84)
	at org.apache.maven.surefire.testng.TestNGProvider.invoke(TestNGProvider.java:90)
	at org.apache.maven.surefire.booter.ForkedBooter.invokeProviderInSameClassLoader(ForkedBooter.java:203)
	at org.apache.maven.surefire.booter.ForkedBooter.runSuitesInProcess(ForkedBooter.java:155)
	at org.apache.maven.surefire.booter.ForkedBooter.main(ForkedBooter.java:103)
... Removed 27 stack frames</pre></div><a href='#' onClick='toggleBox("stack-trace1777443462", this, "Click to show all stack frames", "Click to hide stack frames")'>Click to show all stack frames</a>
<div class='stack-trace' id='stack-trace1777443462'><pre>org.openqa.selenium.WebDriverException: Process unexpectedly closed with status 0
Build info: version: &apos;3.5.1&apos;, revision: &apos;9c21bb67ef&apos;, time: &apos;2017-08-17T15:26:08.955Z&apos;
System info: host: &apos;VDC01DLLAP0284&apos;, ip: &apos;192.168.23.5&apos;, os.name: &apos;Windows 7&apos;, os.arch: &apos;amd64&apos;, os.version: &apos;6.1&apos;, java.version: &apos;1.8.0_45&apos;
Driver info: driver.version: FirefoxDriver
remote stacktrace: 
	at sun.reflect.NativeConstructorAccessorImpl.newInstance0(Native Method)
	at sun.reflect.NativeConstructorAccessorImpl.newInstance(NativeConstructorAccessorImpl.java:62)
	at sun.reflect.DelegatingConstructorAccessorImpl.newInstance(DelegatingConstructorAccessorImpl.java:45)
	at java.lang.reflect.Constructor.newInstance(Constructor.java:422)
	at org.openqa.selenium.remote.W3CHandshakeResponse.lambda$new$0(W3CHandshakeResponse.java:57)
	at org.openqa.selenium.remote.W3CHandshakeResponse$$Lambda$100/348055829.apply(Unknown Source)
	at org.openqa.selenium.remote.W3CHandshakeResponse.lambda$getResponseFunction$2(W3CHandshakeResponse.java:104)
	at org.openqa.selenium.remote.W3CHandshakeResponse$$Lambda$102/137275020.apply(Unknown Source)
	at org.openqa.selenium.remote.ProtocolHandshake.lambda$createSession$24(ProtocolHandshake.java:360)
	at org.openqa.selenium.remote.ProtocolHandshake$$Lambda$103/1508181426.apply(Unknown Source)
	at java.util.stream.ReferencePipeline$3$1.accept(ReferencePipeline.java:193)
	at java.util.Spliterators$ArraySpliterator.tryAdvance(Spliterators.java:958)
	at java.util.stream.ReferencePipeline.forEachWithCancel(ReferencePipeline.java:126)
	at java.util.stream.AbstractPipeline.copyIntoWithCancel(AbstractPipeline.java:529)
	at java.util.stream.AbstractPipeline.copyInto(AbstractPipeline.java:516)
	at java.util.stream.AbstractPipeline.wrapAndCopyInto(AbstractPipeline.java:502)
	at java.util.stream.FindOps$FindOp.evaluateSequential(FindOps.java:152)
	at java.util.stream.AbstractPipeline.evaluate(AbstractPipeline.java:234)
	at java.util.stream.ReferencePipeline.findFirst(ReferencePipeline.java:464)
	at org.openqa.selenium.remote.ProtocolHandshake.createSession(ProtocolHandshake.java:363)
	at org.openqa.selenium.remote.ProtocolHandshake.createSession(ProtocolHandshake.java:137)
	at org.openqa.selenium.remote.HttpCommandExecutor.execute(HttpCommandExecutor.java:142)
	at org.openqa.selenium.remote.service.DriverCommandExecutor.execute(DriverCommandExecutor.java:82)
	at org.openqa.selenium.remote.RemoteWebDriver.execute(RemoteWebDriver.java:641)
	at org.openqa.selenium.remote.RemoteWebDriver.startSession(RemoteWebDriver.java:254)
	at org.openqa.selenium.remote.RemoteWebDriver.startSession(RemoteWebDriver.java:236)
	at org.openqa.selenium.remote.RemoteWebDriver.&lt;init&gt;(RemoteWebDriver.java:137)
	at org.openqa.selenium.firefox.FirefoxDriver.&lt;init&gt;(FirefoxDriver.java:191)
	at org.openqa.selenium.firefox.FirefoxDriver.&lt;init&gt;(FirefoxDriver.java:103)
	at org.openqa.selenium.firefox.FirefoxDriver.&lt;init&gt;(FirefoxDriver.java:99)
	at Voot.smac.pages.test.BaseClass.setBrowsers(BaseClass.java:66)
	at sun.reflect.NativeMethodAccessorImpl.invoke0(Native Method)
	at sun.reflect.NativeMethodAccessorImpl.invoke(NativeMethodAccessorImpl.java:62)
	at sun.reflect.DelegatingMethodAccessorImpl.invoke(DelegatingMethodAccessorImpl.java:43)
	at java.lang.reflect.Method.invoke(Method.java:497)
	at org.testng.internal.MethodInvocationHelper.invokeMethod(MethodInvocationHelper.java:80)
	at org.testng.internal.Invoker.invokeConfigurationMethod(Invoker.java:564)
	at org.testng.internal.Invoker.invokeConfigurations(Invoker.java:213)
	at org.testng.internal.Invoker.invokeMethod(Invoker.java:653)
	at org.testng.internal.Invoker.invokeTestMethod(Invoker.java:901)
	at org.testng.internal.Invoker.invokeTestMethods(Invoker.java:1231)
	at org.testng.internal.TestMethodWorker.invokeTestMethods(TestMethodWorker.java:127)
	at org.testng.internal.TestMethodWorker.run(TestMethodWorker.java:111)
	at org.testng.TestRunner.privateRun(TestRunner.java:767)
	at org.testng.TestRunner.run(TestRunner.java:617)
	at org.testng.SuiteRunner.runTest(SuiteRunner.java:334)
	at org.testng.SuiteRunner.runSequentially(SuiteRunner.java:329)
	at org.testng.SuiteRunner.privateRun(SuiteRunner.java:291)
	at org.testng.SuiteRunner.run(SuiteRunner.java:240)
	at org.testng.SuiteRunnerWorker.runSuite(SuiteRunnerWorker.java:52)
	at org.testng.SuiteRunnerWorker.run(SuiteRunnerWorker.java:86)
	at org.testng.TestNG.runSuitesSequentially(TestNG.java:1198)
	at org.testng.TestNG.runSuitesLocally(TestNG.java:1123)
	at org.testng.TestNG.run(TestNG.java:1031)
	at org.apache.maven.surefire.testng.TestNGExecutor.run(TestNGExecutor.java:295)
	at org.apache.maven.surefire.testng.TestNGXmlTestSuite.execute(TestNGXmlTestSuite.java:84)
	at org.apache.maven.surefire.testng.TestNGProvider.invoke(TestNGProvider.java:90)
	at org.apache.maven.surefire.booter.ForkedBooter.invokeProviderInSameClassLoader(ForkedBooter.java:203)
	at org.apache.maven.surefire.booter.ForkedBooter.runSuitesInProcess(ForkedBooter.java:155)
	at org.apache.maven.surefire.booter.ForkedBooter.main(ForkedBooter.java:103)
</pre></div></td>
<td>0</td>
<td>Voot.smac.pages.test.HomePageTest@d8355a8</td></tr>
</table><p>
<table width='100%' border='1' class='invocation-skipped'>
<tr><td colspan='4' align='center'><b>SKIPPED CONFIGURATIONS</b></td></tr>
<tr><td><b>Test method</b></td>
<td width="30%"><b>Exception</b></td>
<td width="10%"><b>Time (seconds)</b></td>
<td><b>Instance</b></td>
</tr>
<tr>
<td title='Voot.smac.pages.test.HomePageTest.setBrowsers()'><b>setBrowsers</b><br>Test class: Voot.smac.pages.test.HomePageTest</td>
<td></td>
<td>0</td>
<td>Voot.smac.pages.test.HomePageTest@d8355a8</td></tr>
<tr>
<td title='Voot.smac.pages.test.HomePageTest.setBrowsers()'><b>setBrowsers</b><br>Test class: Voot.smac.pages.test.HomePageTest</td>
<td></td>
<td>0</td>
<td>Voot.smac.pages.test.HomePageTest@d8355a8</td></tr>
<tr>
<td title='Voot.smac.pages.test.HomePageTest.setBrowsers()'><b>setBrowsers</b><br>Test class: Voot.smac.pages.test.HomePageTest</td>
<td></td>
<td>0</td>
<td>Voot.smac.pages.test.HomePageTest@d8355a8</td></tr>
<tr>
<td title='Voot.smac.pages.test.HomePageTest.setBrowsers()'><b>setBrowsers</b><br>Test class: Voot.smac.pages.test.HomePageTest</td>
<td></td>
<td>0</td>
<td>Voot.smac.pages.test.HomePageTest@d8355a8</td></tr>
<tr>
<td title='Voot.smac.pages.test.HomePageTest.setBrowsers()'><b>setBrowsers</b><br>Test class: Voot.smac.pages.test.HomePageTest</td>
<td></td>
<td>0</td>
<td>Voot.smac.pages.test.HomePageTest@d8355a8</td></tr>
<tr>
<td title='Voot.smac.pages.test.HomePageTest.setBrowsers()'><b>setBrowsers</b><br>Test class: Voot.smac.pages.test.HomePageTest</td>
<td></td>
<td>0</td>
<td>Voot.smac.pages.test.HomePageTest@d8355a8</td></tr>
<tr>
<td title='Voot.smac.pages.test.HomePageTest.setBrowsers()'><b>setBrowsers</b><br>Test class: Voot.smac.pages.test.HomePageTest</td>
<td></td>
<td>0</td>
<td>Voot.smac.pages.test.HomePageTest@d8355a8</td></tr>
<tr>
<td title='Voot.smac.pages.test.HomePageTest.setBrowsers()'><b>setBrowsers</b><br>Test class: Voot.smac.pages.test.HomePageTest</td>
<td></td>
<td>0</td>
<td>Voot.smac.pages.test.HomePageTest@d8355a8</td></tr>
<tr>
<td title='Voot.smac.pages.test.HomePageTest.setBrowsers()'><b>setBrowsers</b><br>Test class: Voot.smac.pages.test.HomePageTest</td>
<td></td>
<td>0</td>
<td>Voot.smac.pages.test.HomePageTest@d8355a8</td></tr>
<tr>
<td title='Voot.smac.pages.test.HomePageTest.setBrowsers()'><b>setBrowsers</b><br>Test class: Voot.smac.pages.test.HomePageTest</td>
<td></td>
<td>0</td>
<td>Voot.smac.pages.test.HomePageTest@d8355a8</td></tr>
<tr>
<td title='Voot.smac.pages.test.HomePageTest.setBrowsers()'><b>setBrowsers</b><br>Test class: Voot.smac.pages.test.HomePageTest</td>
<td></td>
<td>0</td>
<td>Voot.smac.pages.test.HomePageTest@d8355a8</td></tr>
<tr>
<td title='Voot.smac.pages.test.HomePageTest.tearDown()'><b>tearDown</b><br>Test class: Voot.smac.pages.test.HomePageTest</td>
<td></td>
<td>0</td>
<td>Voot.smac.pages.test.HomePageTest@d8355a8</td></tr>
<tr>
<td title='Voot.smac.pages.test.HomePageTest.tearDown()'><b>tearDown</b><br>Test class: Voot.smac.pages.test.HomePageTest</td>
<td></td>
<td>0</td>
<td>Voot.smac.pages.test.HomePageTest@d8355a8</td></tr>
<tr>
<td title='Voot.smac.pages.test.HomePageTest.tearDown()'><b>tearDown</b><br>Test class: Voot.smac.pages.test.HomePageTest</td>
<td></td>
<td>0</td>
<td>Voot.smac.pages.test.HomePageTest@d8355a8</td></tr>
<tr>
<td title='Voot.smac.pages.test.HomePageTest.tearDown()'><b>tearDown</b><br>Test class: Voot.smac.pages.test.HomePageTest</td>
<td></td>
<td>0</td>
<td>Voot.smac.pages.test.HomePageTest@d8355a8</td></tr>
<tr>
<td title='Voot.smac.pages.test.HomePageTest.tearDown()'><b>tearDown</b><br>Test class: Voot.smac.pages.test.HomePageTest</td>
<td></td>
<td>0</td>
<td>Voot.smac.pages.test.HomePageTest@d8355a8</td></tr>
<tr>
<td title='Voot.smac.pages.test.HomePageTest.tearDown()'><b>tearDown</b><br>Test class: Voot.smac.pages.test.HomePageTest</td>
<td></td>
<td>0</td>
<td>Voot.smac.pages.test.HomePageTest@d8355a8</td></tr>
<tr>
<td title='Voot.smac.pages.test.HomePageTest.tearDown()'><b>tearDown</b><br>Test class: Voot.smac.pages.test.HomePageTest</td>
<td></td>
<td>0</td>
<td>Voot.smac.pages.test.HomePageTest@d8355a8</td></tr>
<tr>
<td title='Voot.smac.pages.test.HomePageTest.tearDown()'><b>tearDown</b><br>Test class: Voot.smac.pages.test.HomePageTest</td>
<td></td>
<td>0</td>
<td>Voot.smac.pages.test.HomePageTest@d8355a8</td></tr>
<tr>
<td title='Voot.smac.pages.test.HomePageTest.tearDown()'><b>tearDown</b><br>Test class: Voot.smac.pages.test.HomePageTest</td>
<td></td>
<td>0</td>
<td>Voot.smac.pages.test.HomePageTest@d8355a8</td></tr>
<tr>
<td title='Voot.smac.pages.test.HomePageTest.tearDown()'><b>tearDown</b><br>Test class: Voot.smac.pages.test.HomePageTest</td>
<td></td>
<td>0</td>
<td>Voot.smac.pages.test.HomePageTest@d8355a8</td></tr>
<tr>
<td title='Voot.smac.pages.test.HomePageTest.tearDown()'><b>tearDown</b><br>Test class: Voot.smac.pages.test.HomePageTest</td>
<td></td>
<td>0</td>
<td>Voot.smac.pages.test.HomePageTest@d8355a8</td></tr>
<tr>
<td title='Voot.smac.pages.test.HomePageTest.tearDown()'><b>tearDown</b><br>Test class: Voot.smac.pages.test.HomePageTest</td>
<td></td>
<td>0</td>
<td>Voot.smac.pages.test.HomePageTest@d8355a8</td></tr>
<tr>
<td title='Voot.smac.pages.test.HomePageTest.endReport()'><b>endReport</b><br>Test class: Voot.smac.pages.test.HomePageTest</td>
<td></td>
<td>0</td>
<td>null</td></tr>
</table><p>
<table width='100%' border='1' class='invocation-skipped'>
<tr><td colspan='4' align='center'><b>SKIPPED TESTS</b></td></tr>
<tr><td><b>Test method</b></td>
<td width="30%"><b>Exception</b></td>
<td width="10%"><b>Time (seconds)</b></td>
<td><b>Instance</b></td>
</tr>
<tr>
<td title='Voot.smac.pages.test.HomePageTest.clickOnTheNextButtonOnCoursoual()'><b>clickOnTheNextButtonOnCoursoual</b><br>Test class: Voot.smac.pages.test.HomePageTest<br>Test method: Verify 'Next'  buttons on thumbnai</td>
<td></td>
<td>0</td>
<td>Voot.smac.pages.test.HomePageTest@d8355a8</td></tr>
<tr>
<td title='Voot.smac.pages.test.HomePageTest.clickOnThePreviousButtonOnCoursoual()'><b>clickOnThePreviousButtonOnCoursoual</b><br>Test class: Voot.smac.pages.test.HomePageTest<br>Test method: Verify 'Previous' buttons on  the main carousal  thumbnail </td>
<td></td>
<td>0</td>
<td>Voot.smac.pages.test.HomePageTest@d8355a8</td></tr>
<tr>
<td title='Voot.smac.pages.test.HomePageTest.verifyAddBannerSectionl()'><b>verifyAddBannerSectionl</b><br>Test class: Voot.smac.pages.test.HomePageTest<br>Test method: verify weather User is able to see add banner in home page</td>
<td></td>
<td>0</td>
<td>Voot.smac.pages.test.HomePageTest@d8355a8</td></tr>
<tr>
<td title='Voot.smac.pages.test.HomePageTest.verifyChannelsmenuinHomepage()'><b>verifyChannelsmenuinHomepage</b><br>Test class: Voot.smac.pages.test.HomePageTest<br>Test method: First level menu should contain following options.Channels</td>
<td></td>
<td>0</td>
<td>Voot.smac.pages.test.HomePageTest@d8355a8</td></tr>
<tr>
<td title='Voot.smac.pages.test.HomePageTest.verifyDescriptionTextValueOFMasterCarousal()'><b>verifyDescriptionTextValueOFMasterCarousal</b><br>Test class: Voot.smac.pages.test.HomePageTest<br>Test method: verify weather User is able to see courasual description text Value</td>
<td></td>
<td>0</td>
<td>Voot.smac.pages.test.HomePageTest@d8355a8</td></tr>
<tr>
<td title='Voot.smac.pages.test.HomePageTest.verifyMoviesmenuinHomepage()'><b>verifyMoviesmenuinHomepage</b><br>Test class: Voot.smac.pages.test.HomePageTest<br>Test method: First level menu should contain following options.Channels 4.Movies</td>
<td></td>
<td>0</td>
<td>Voot.smac.pages.test.HomePageTest@d8355a8</td></tr>
<tr>
<td title='Voot.smac.pages.test.HomePageTest.verifySearchinHomepage()'><b>verifySearchinHomepage</b><br>Test class: Voot.smac.pages.test.HomePageTest</td>
<td></td>
<td>0</td>
<td>Voot.smac.pages.test.HomePageTest@d8355a8</td></tr>
<tr>
<td title='Voot.smac.pages.test.HomePageTest.verifyVootLogoinHomePage()'><b>verifyVootLogoinHomePage</b><br>Test class: Voot.smac.pages.test.HomePageTest<br>Test method: TC_HMP_003 :- Verify 'Voot' logo is displayed and alligned in the Homepage.</td>
<td></td>
<td>0</td>
<td>Voot.smac.pages.test.HomePageTest@d8355a8</td></tr>
<tr>
<td title='Voot.smac.pages.test.HomePageTest.verifykidsmenuinHomepage()'><b>verifykidsmenuinHomepage</b><br>Test class: Voot.smac.pages.test.HomePageTest<br>Test method: First level menu should contain following options. Kids</td>
<td></td>
<td>0</td>
<td>Voot.smac.pages.test.HomePageTest@d8355a8</td></tr>
<tr>
<td title='Voot.smac.pages.test.HomePageTest.verifynewshowLinkinHomePage()'><b>verifynewshowLinkinHomePage</b><br>Test class: Voot.smac.pages.test.HomePageTest<br>Test method: TC_HMP_003:- First level menu should contain following options.New Shows</td>
<td></td>
<td>0</td>
<td>Voot.smac.pages.test.HomePageTest@d8355a8</td></tr>
<tr>
<td title='Voot.smac.pages.test.HomePageTest.verifyshowsmenuinHomepage()'><b>verifyshowsmenuinHomepage</b><br>Test class: Voot.smac.pages.test.HomePageTest<br>Test method: First level menu should contain following options.1.Shows</td>
<td></td>
<td>0</td>
<td>Voot.smac.pages.test.HomePageTest@d8355a8</td></tr>
<tr>
<td title='Voot.smac.pages.test.HomePageTest.verifyuserloginiconinHomepage()'><b>verifyuserloginiconinHomepage</b><br>Test class: Voot.smac.pages.test.HomePageTest</td>
<td></td>
<td>0</td>
<td>Voot.smac.pages.test.HomePageTest@d8355a8</td></tr>
</table><p>
</body>
</html>