<?xml version="1.0" encoding="UTF-8"?>
<!-- Generated by org.testng.reporters.JUnitXMLReporter -->
<testsuite hostname="vdc01dllap0284" ignored="0" name="chrome browser" tests="8" failures="0" timestamp="10 Jan 2018 07:05:46 GMT" time="2.962" errors="0">
  <testcase name="@BeforeMethod setBrowsers" time="2.869" classname="Voot.smac.pages.test.BaseClass">
    <failure type="java.lang.IllegalStateException" message="The driver executable does not exist: C:\Users\ravindra.parauha\Downloads\IEDriverServer_x64_3.8.0\IEDriverServer.exe()">
      <![CDATA[java.lang.IllegalStateException: The driver executable does not exist: C:\Users\ravindra.parauha\Downloads\IEDriverServer_x64_3.8.0\IEDriverServer.exe()
	at com.google.common.base.Preconditions.checkState(Preconditions.java:518)
	at org.openqa.selenium.remote.service.DriverService.checkExecutable(DriverService.java:123)
	at org.openqa.selenium.remote.service.DriverService.findExecutable(DriverService.java:118)
	at org.openqa.selenium.ie.InternetExplorerDriverService.access$000(InternetExplorerDriverService.java:32)
	at org.openqa.selenium.ie.InternetExplorerDriverService$Builder.findDefaultExecutable(InternetExplorerDriverService.java:167)
	at org.openqa.selenium.remote.service.DriverService$Builder.build(DriverService.java:302)
	at org.openqa.selenium.ie.InternetExplorerDriver.setupService(InternetExplorerDriver.java:248)
	at org.openqa.selenium.ie.InternetExplorerDriver.<init>(InternetExplorerDriver.java:170)
	at org.openqa.selenium.ie.InternetExplorerDriver.<init>(InternetExplorerDriver.java:144)
	at Voot.smac.pages.test.BaseClass.setBrowsers(BaseClass.java:44)
... Removed 27 stack frames]]>
    </failure>
  </testcase> <!-- @BeforeMethod setBrowsers -->
  <testcase name="@BeforeMethod setBrowsers" time="0.0" classname="Voot.smac.pages.test.BaseClass">
    <skipped/>
  </testcase> <!-- @BeforeMethod setBrowsers -->
  <testcase name="@BeforeMethod setBrowsers" time="0.0" classname="Voot.smac.pages.test.BaseClass">
    <skipped/>
  </testcase> <!-- @BeforeMethod setBrowsers -->
  <testcase name="@BeforeMethod setBrowsers" time="0.0" classname="Voot.smac.pages.test.BaseClass">
    <skipped/>
  </testcase> <!-- @BeforeMethod setBrowsers -->
  <testcase name="@BeforeMethod setBrowsers" time="0.0" classname="Voot.smac.pages.test.BaseClass">
    <skipped/>
  </testcase> <!-- @BeforeMethod setBrowsers -->
  <testcase name="@BeforeMethod setBrowsers" time="0.0" classname="Voot.smac.pages.test.BaseClass">
    <skipped/>
  </testcase> <!-- @BeforeMethod setBrowsers -->
  <testcase name="@BeforeMethod setBrowsers" time="0.0" classname="Voot.smac.pages.test.BaseClass">
    <skipped/>
  </testcase> <!-- @BeforeMethod setBrowsers -->
  <testcase name="@BeforeMethod setBrowsers" time="0.0" classname="Voot.smac.pages.test.BaseClass">
    <skipped/>
  </testcase> <!-- @BeforeMethod setBrowsers -->
  <testcase name="verifyVootLogoinHomePage" time="0.0" classname="Voot.smac.pages.test.HomePageTest">
    <skipped/>
  </testcase> <!-- verifyVootLogoinHomePage -->
  <testcase name="verifynewshowLinkinHomePage" time="0.0" classname="Voot.smac.pages.test.HomePageTest">
    <skipped/>
  </testcase> <!-- verifynewshowLinkinHomePage -->
  <testcase name="verifyshowsmenuinHomepage" time="0.0" classname="Voot.smac.pages.test.HomePageTest">
    <skipped/>
  </testcase> <!-- verifyshowsmenuinHomepage -->
  <testcase name="verifykidsmenuinHomepage" time="0.0" classname="Voot.smac.pages.test.HomePageTest">
    <skipped/>
  </testcase> <!-- verifykidsmenuinHomepage -->
  <testcase name="verifyChannelsmenuinHomepage" time="0.0" classname="Voot.smac.pages.test.HomePageTest">
    <skipped/>
  </testcase> <!-- verifyChannelsmenuinHomepage -->
  <testcase name="verifyMoviesmenuinHomepage" time="0.0" classname="Voot.smac.pages.test.HomePageTest">
    <skipped/>
  </testcase> <!-- verifyMoviesmenuinHomepage -->
  <testcase name="verifySearchinHomepage" time="0.0" classname="Voot.smac.pages.test.HomePageTest">
    <skipped/>
  </testcase> <!-- verifySearchinHomepage -->
  <testcase name="verifyuserloginiconinHomepage" time="0.0" classname="Voot.smac.pages.test.HomePageTest">
    <skipped/>
  </testcase> <!-- verifyuserloginiconinHomepage -->
</testsuite> <!-- chrome browser -->
