<?xml version="1.0" encoding="UTF-8"?>
<testsuite name="Verification of movie page of voot application in chrome browser"
           tests="11"
           failures="1"
           errors="0"
           skipped="10"
           time="302.366">
  <properties />
            <testcase name="setBrowsers" time="302.365" classname="Voot.smac.pages.test.MoviesPageTest">
                <failure type="org.openqa.selenium.TimeoutException"
                  message="timeout
  (Session info: chrome=64.0.3282.186)
  (Driver info: chromedriver=2.34.522940 (1a76f96f66e3ca7b8e57d503b4dd3bccfba87af1),platform=Windows NT 6.1.7601 SP1 x86_64) (WARNING: The server did not provide any stacktrace information)
Command duration or timeout: 300.05 seconds
Build info: version: &apos;3.3.0&apos;, revision: &apos;b526bd5b41&apos;, time: &apos;2017-03-07 19:26:04 +0000&apos;
System info: host: &apos;VDC01DLLAP0284&apos;, ip: &apos;192.168.167.201&apos;, os.name: &apos;Windows 7&apos;, os.arch: &apos;amd64&apos;, os.version: &apos;6.1&apos;, java.version: &apos;1.8.0_45&apos;
Driver info: org.openqa.selenium.chrome.ChromeDriver
Capabilities [{applicationCacheEnabled=false, rotatable=false, mobileEmulationEnabled=false, networkConnectionEnabled=false, chrome={chromedriverVersion=2.34.522940 (1a76f96f66e3ca7b8e57d503b4dd3bccfba87af1), userDataDir=C:\Users\RAVIND~1.PAR\AppData\Local\Temp\scoped_dir9024_24331}, takesHeapSnapshot=true, pageLoadStrategy=normal, databaseEnabled=false, handlesAlerts=true, hasTouchScreen=false, version=64.0.3282.186, platform=XP, browserConnectionEnabled=false, nativeEvents=true, acceptSslCerts=true, locationContextEnabled=true, webStorageEnabled=true, browserName=chrome, takesScreenshot=true, javascriptEnabled=true, cssSelectorsEnabled=true, setWindowRect=true, unexpectedAlertBehaviour=}]
Session ID: cc69a5576848197d33828b29d2e50c60"
              >
<![CDATA[org.openqa.selenium.TimeoutException: timeout
  (Session info: chrome=64.0.3282.186)
  (Driver info: chromedriver=2.34.522940 (1a76f96f66e3ca7b8e57d503b4dd3bccfba87af1),platform=Windows NT 6.1.7601 SP1 x86_64) (WARNING: The server did not provide any stacktrace information)
Command duration or timeout: 300.05 seconds
Build info: version: '3.3.0', revision: 'b526bd5b41', time: '2017-03-07 19:26:04 +0000'
System info: host: 'VDC01DLLAP0284', ip: '192.168.167.201', os.name: 'Windows 7', os.arch: 'amd64', os.version: '6.1', java.version: '1.8.0_45'
Driver info: org.openqa.selenium.chrome.ChromeDriver
Capabilities [{applicationCacheEnabled=false, rotatable=false, mobileEmulationEnabled=false, networkConnectionEnabled=false, chrome={chromedriverVersion=2.34.522940 (1a76f96f66e3ca7b8e57d503b4dd3bccfba87af1), userDataDir=C:\Users\RAVIND~1.PAR\AppData\Local\Temp\scoped_dir9024_24331}, takesHeapSnapshot=true, pageLoadStrategy=normal, databaseEnabled=false, handlesAlerts=true, hasTouchScreen=false, version=64.0.3282.186, platform=XP, browserConnectionEnabled=false, nativeEvents=true, acceptSslCerts=true, locationContextEnabled=true, webStorageEnabled=true, browserName=chrome, takesScreenshot=true, javascriptEnabled=true, cssSelectorsEnabled=true, setWindowRect=true, unexpectedAlertBehaviour=}]
Session ID: cc69a5576848197d33828b29d2e50c60
  sun.reflect.NativeConstructorAccessorImpl.newInstance0(Native Method)
  sun.reflect.NativeConstructorAccessorImpl.newInstance(NativeConstructorAccessorImpl.java:62)
  sun.reflect.DelegatingConstructorAccessorImpl.newInstance(DelegatingConstructorAccessorImpl.java:45)
  java.lang.reflect.Constructor.newInstance(Constructor.java:422)
  org.openqa.selenium.remote.ErrorHandler.createThrowable(ErrorHandler.java:216)
  org.openqa.selenium.remote.ErrorHandler.throwIfResponseFailed(ErrorHandler.java:168)
  org.openqa.selenium.remote.RemoteWebDriver.execute(RemoteWebDriver.java:638)
  org.openqa.selenium.remote.RemoteWebDriver.get(RemoteWebDriver.java:325)
  Voot.smac.pages.test.BaseClass.setBrowsers(BaseClass.java:81)
  sun.reflect.GeneratedMethodAccessor28.invoke(Unknown Source)
  sun.reflect.DelegatingMethodAccessorImpl.invoke(DelegatingMethodAccessorImpl.java:43)
  java.lang.reflect.Method.invoke(Method.java:497)
  org.testng.internal.MethodInvocationHelper.invokeMethod(MethodInvocationHelper.java:108)
  org.testng.internal.Invoker.invokeConfigurationMethod(Invoker.java:523)
  org.testng.internal.Invoker.invokeConfigurations(Invoker.java:224)
  org.testng.internal.Invoker.invokeMethod(Invoker.java:599)
  org.testng.internal.Invoker.invokeTestMethod(Invoker.java:869)
  org.testng.internal.Invoker.invokeTestMethods(Invoker.java:1193)
  org.testng.internal.TestMethodWorker.invokeTestMethods(TestMethodWorker.java:126)
  org.testng.internal.TestMethodWorker.run(TestMethodWorker.java:109)
  org.testng.TestRunner.privateRun(TestRunner.java:744)
  org.testng.TestRunner.run(TestRunner.java:602)
  org.testng.SuiteRunner.runTest(SuiteRunner.java:380)
  org.testng.SuiteRunner.runSequentially(SuiteRunner.java:375)
  org.testng.SuiteRunner.privateRun(SuiteRunner.java:340)
  org.testng.SuiteRunner.run(SuiteRunner.java:289)
  org.testng.SuiteRunnerWorker.runSuite(SuiteRunnerWorker.java:52)
  org.testng.SuiteRunnerWorker.run(SuiteRunnerWorker.java:86)
  org.testng.TestNG.runSuitesSequentially(TestNG.java:1301)
  org.testng.TestNG.runSuitesLocally(TestNG.java:1226)
  org.testng.TestNG.runSuites(TestNG.java:1144)
  org.testng.TestNG.run(TestNG.java:1115)
  org.testng.remote.AbstractRemoteTestNG.run(AbstractRemoteTestNG.java:132)
  org.testng.remote.RemoteTestNG.initAndRun(RemoteTestNG.java:230)
  org.testng.remote.RemoteTestNG.main(RemoteTestNG.java:76)
]]>
      </failure>

          </testcase>
  
            <testcase name="setBrowsers" time="0.0" classname="Voot.smac.pages.test.MoviesPageTest">
          <skipped />
    </testcase>
            <testcase name="setBrowsers" time="0.0" classname="Voot.smac.pages.test.MoviesPageTest">
          <skipped />
    </testcase>
            <testcase name="setBrowsers" time="0.0" classname="Voot.smac.pages.test.MoviesPageTest">
          <skipped />
    </testcase>
            <testcase name="endReport" time="0.0" classname="Voot.smac.pages.test.MoviesPageTest">
          <skipped />
    </testcase>
            <testcase name="setBrowsers" time="0.0" classname="Voot.smac.pages.test.MoviesPageTest">
          <skipped />
    </testcase>
            <testcase name="verifyPopularHindiMoviesValue" time="0.0" classname="Voot.smac.pages.test.MoviesPageTest">
          <skipped />
    </testcase>
            <testcase name="verifyPopularkannadaMoviesValue" time="0.0" classname="Voot.smac.pages.test.MoviesPageTest">
          <skipped />
    </testcase>
            <testcase name="verifyPopularKidsMoviesValue" time="0.0" classname="Voot.smac.pages.test.MoviesPageTest">
          <skipped />
    </testcase>
            <testcase name="mousehoveronMoviesintheheaderandverify" time="0.0" classname="Voot.smac.pages.test.MoviesPageTest">
          <skipped />
    </testcase>
            <testcase name="verifyPopularBangaliMoviesValue" time="0.0" classname="Voot.smac.pages.test.MoviesPageTest">
          <skipped />
    </testcase>
  
  
</testsuite>
