<?xml version="1.0" encoding="UTF-8"?>
<testsuite name="Verification of Home page of voot application in chrome    browser"
           tests="37"
           failures="1"
           errors="0"
           skipped="36"
           time="0.005">
  <properties />
            <testcase name="setBrowsers" time="0.000" classname="Voot.smac.pages.test.HomePageTest">
                <failure type="org.openqa.selenium.WebDriverException"
                  message="Process unexpectedly closed with status 0
Build info: version: &apos;3.5.1&apos;, revision: &apos;9c21bb67ef&apos;, time: &apos;2017-08-17T15:26:08.955Z&apos;
System info: host: &apos;VDC01DLLAP0284&apos;, ip: &apos;192.168.23.5&apos;, os.name: &apos;Windows 7&apos;, os.arch: &apos;amd64&apos;, os.version: &apos;6.1&apos;, java.version: &apos;1.8.0_45&apos;
Driver info: driver.version: FirefoxDriver
remote stacktrace: "
              >
<![CDATA[org.openqa.selenium.WebDriverException: Process unexpectedly closed with status 0
Build info: version: '3.5.1', revision: '9c21bb67ef', time: '2017-08-17T15:26:08.955Z'
System info: host: 'VDC01DLLAP0284', ip: '192.168.23.5', os.name: 'Windows 7', os.arch: 'amd64', os.version: '6.1', java.version: '1.8.0_45'
Driver info: driver.version: FirefoxDriver
remote stacktrace: 
  sun.reflect.NativeConstructorAccessorImpl.newInstance0(Native Method)
  sun.reflect.NativeConstructorAccessorImpl.newInstance(NativeConstructorAccessorImpl.java:62)
  sun.reflect.DelegatingConstructorAccessorImpl.newInstance(DelegatingConstructorAccessorImpl.java:45)
  java.lang.reflect.Constructor.newInstance(Constructor.java:422)
  org.openqa.selenium.remote.W3CHandshakeResponse.lambda$new$0(W3CHandshakeResponse.java:57)
  org.openqa.selenium.remote.W3CHandshakeResponse$$Lambda$100/348055829.apply(Unknown Source)
  org.openqa.selenium.remote.W3CHandshakeResponse.lambda$getResponseFunction$2(W3CHandshakeResponse.java:104)
  org.openqa.selenium.remote.W3CHandshakeResponse$$Lambda$102/137275020.apply(Unknown Source)
  org.openqa.selenium.remote.ProtocolHandshake.lambda$createSession$24(ProtocolHandshake.java:360)
  org.openqa.selenium.remote.ProtocolHandshake$$Lambda$103/1508181426.apply(Unknown Source)
  java.util.stream.ReferencePipeline$3$1.accept(ReferencePipeline.java:193)
  java.util.Spliterators$ArraySpliterator.tryAdvance(Spliterators.java:958)
  java.util.stream.ReferencePipeline.forEachWithCancel(ReferencePipeline.java:126)
  java.util.stream.AbstractPipeline.copyIntoWithCancel(AbstractPipeline.java:529)
  java.util.stream.AbstractPipeline.copyInto(AbstractPipeline.java:516)
  java.util.stream.AbstractPipeline.wrapAndCopyInto(AbstractPipeline.java:502)
  java.util.stream.FindOps$FindOp.evaluateSequential(FindOps.java:152)
  java.util.stream.AbstractPipeline.evaluate(AbstractPipeline.java:234)
  java.util.stream.ReferencePipeline.findFirst(ReferencePipeline.java:464)
  org.openqa.selenium.remote.ProtocolHandshake.createSession(ProtocolHandshake.java:363)
  org.openqa.selenium.remote.ProtocolHandshake.createSession(ProtocolHandshake.java:137)
  org.openqa.selenium.remote.HttpCommandExecutor.execute(HttpCommandExecutor.java:142)
  org.openqa.selenium.remote.service.DriverCommandExecutor.execute(DriverCommandExecutor.java:82)
  org.openqa.selenium.remote.RemoteWebDriver.execute(RemoteWebDriver.java:641)
  org.openqa.selenium.remote.RemoteWebDriver.startSession(RemoteWebDriver.java:254)
  org.openqa.selenium.remote.RemoteWebDriver.startSession(RemoteWebDriver.java:236)
  org.openqa.selenium.remote.RemoteWebDriver.<init>(RemoteWebDriver.java:137)
  org.openqa.selenium.firefox.FirefoxDriver.<init>(FirefoxDriver.java:191)
  org.openqa.selenium.firefox.FirefoxDriver.<init>(FirefoxDriver.java:103)
  org.openqa.selenium.firefox.FirefoxDriver.<init>(FirefoxDriver.java:99)
  Voot.smac.pages.test.BaseClass.setBrowsers(BaseClass.java:66)
  sun.reflect.NativeMethodAccessorImpl.invoke0(Native Method)
  sun.reflect.NativeMethodAccessorImpl.invoke(NativeMethodAccessorImpl.java:62)
  sun.reflect.DelegatingMethodAccessorImpl.invoke(DelegatingMethodAccessorImpl.java:43)
  java.lang.reflect.Method.invoke(Method.java:497)
  org.testng.internal.MethodInvocationHelper.invokeMethod(MethodInvocationHelper.java:80)
  org.testng.internal.Invoker.invokeConfigurationMethod(Invoker.java:564)
  org.testng.internal.Invoker.invokeConfigurations(Invoker.java:213)
  org.testng.internal.Invoker.invokeMethod(Invoker.java:653)
  org.testng.internal.Invoker.invokeTestMethod(Invoker.java:901)
  org.testng.internal.Invoker.invokeTestMethods(Invoker.java:1231)
  org.testng.internal.TestMethodWorker.invokeTestMethods(TestMethodWorker.java:127)
  org.testng.internal.TestMethodWorker.run(TestMethodWorker.java:111)
  org.testng.TestRunner.privateRun(TestRunner.java:767)
  org.testng.TestRunner.run(TestRunner.java:617)
  org.testng.SuiteRunner.runTest(SuiteRunner.java:334)
  org.testng.SuiteRunner.runSequentially(SuiteRunner.java:329)
  org.testng.SuiteRunner.privateRun(SuiteRunner.java:291)
  org.testng.SuiteRunner.run(SuiteRunner.java:240)
  org.testng.SuiteRunnerWorker.runSuite(SuiteRunnerWorker.java:52)
  org.testng.SuiteRunnerWorker.run(SuiteRunnerWorker.java:86)
  org.testng.TestNG.runSuitesSequentially(TestNG.java:1198)
  org.testng.TestNG.runSuitesLocally(TestNG.java:1123)
  org.testng.TestNG.run(TestNG.java:1031)
  org.apache.maven.surefire.testng.TestNGExecutor.run(TestNGExecutor.java:295)
  org.apache.maven.surefire.testng.TestNGXmlTestSuite.execute(TestNGXmlTestSuite.java:84)
  org.apache.maven.surefire.testng.TestNGProvider.invoke(TestNGProvider.java:90)
  org.apache.maven.surefire.booter.ForkedBooter.invokeProviderInSameClassLoader(ForkedBooter.java:203)
  org.apache.maven.surefire.booter.ForkedBooter.runSuitesInProcess(ForkedBooter.java:155)
  org.apache.maven.surefire.booter.ForkedBooter.main(ForkedBooter.java:103)
]]>
      </failure>

          </testcase>
  
            <testcase name="tearDown" time="0.0" classname="Voot.smac.pages.test.HomePageTest">
          <skipped />
    </testcase>
            <testcase name="tearDown" time="0.0" classname="Voot.smac.pages.test.HomePageTest">
          <skipped />
    </testcase>
            <testcase name="setBrowsers" time="0.0" classname="Voot.smac.pages.test.HomePageTest">
          <skipped />
    </testcase>
            <testcase name="setBrowsers" time="0.0" classname="Voot.smac.pages.test.HomePageTest">
          <skipped />
    </testcase>
            <testcase name="tearDown" time="0.0" classname="Voot.smac.pages.test.HomePageTest">
          <skipped />
    </testcase>
            <testcase name="tearDown" time="0.0" classname="Voot.smac.pages.test.HomePageTest">
          <skipped />
    </testcase>
            <testcase name="tearDown" time="0.0" classname="Voot.smac.pages.test.HomePageTest">
          <skipped />
    </testcase>
            <testcase name="tearDown" time="0.0" classname="Voot.smac.pages.test.HomePageTest">
          <skipped />
    </testcase>
            <testcase name="setBrowsers" time="0.0" classname="Voot.smac.pages.test.HomePageTest">
          <skipped />
    </testcase>
            <testcase name="setBrowsers" time="0.0" classname="Voot.smac.pages.test.HomePageTest">
          <skipped />
    </testcase>
            <testcase name="tearDown" time="0.0" classname="Voot.smac.pages.test.HomePageTest">
          <skipped />
    </testcase>
            <testcase name="tearDown" time="0.0" classname="Voot.smac.pages.test.HomePageTest">
          <skipped />
    </testcase>
            <testcase name="endReport" time="0.0" classname="Voot.smac.pages.test.HomePageTest">
          <skipped />
    </testcase>
            <testcase name="setBrowsers" time="0.0" classname="Voot.smac.pages.test.HomePageTest">
          <skipped />
    </testcase>
            <testcase name="tearDown" time="0.0" classname="Voot.smac.pages.test.HomePageTest">
          <skipped />
    </testcase>
            <testcase name="setBrowsers" time="0.0" classname="Voot.smac.pages.test.HomePageTest">
          <skipped />
    </testcase>
            <testcase name="tearDown" time="0.0" classname="Voot.smac.pages.test.HomePageTest">
          <skipped />
    </testcase>
            <testcase name="setBrowsers" time="0.0" classname="Voot.smac.pages.test.HomePageTest">
          <skipped />
    </testcase>
            <testcase name="tearDown" time="0.0" classname="Voot.smac.pages.test.HomePageTest">
          <skipped />
    </testcase>
            <testcase name="setBrowsers" time="0.0" classname="Voot.smac.pages.test.HomePageTest">
          <skipped />
    </testcase>
            <testcase name="setBrowsers" time="0.0" classname="Voot.smac.pages.test.HomePageTest">
          <skipped />
    </testcase>
            <testcase name="setBrowsers" time="0.0" classname="Voot.smac.pages.test.HomePageTest">
          <skipped />
    </testcase>
            <testcase name="tearDown" time="0.0" classname="Voot.smac.pages.test.HomePageTest">
          <skipped />
    </testcase>
            <testcase name="setBrowsers" time="0.0" classname="Voot.smac.pages.test.HomePageTest">
          <skipped />
    </testcase>
            <testcase name="verifyshowsmenuinHomepage" time="0.0" classname="Voot.smac.pages.test.HomePageTest">
          <skipped />
    </testcase>
            <testcase name="verifyVootLogoinHomePage" time="0.0" classname="Voot.smac.pages.test.HomePageTest">
          <skipped />
    </testcase>
            <testcase name="verifySearchinHomepage" time="0.0" classname="Voot.smac.pages.test.HomePageTest">
          <skipped />
    </testcase>
            <testcase name="verifyAddBannerSectionl" time="0.0" classname="Voot.smac.pages.test.HomePageTest">
          <skipped />
    </testcase>
            <testcase name="verifykidsmenuinHomepage" time="0.0" classname="Voot.smac.pages.test.HomePageTest">
          <skipped />
    </testcase>
            <testcase name="verifyChannelsmenuinHomepage" time="0.0" classname="Voot.smac.pages.test.HomePageTest">
          <skipped />
    </testcase>
            <testcase name="verifyDescriptionTextValueOFMasterCarousal" time="0.0" classname="Voot.smac.pages.test.HomePageTest">
          <skipped />
    </testcase>
            <testcase name="verifynewshowLinkinHomePage" time="0.0" classname="Voot.smac.pages.test.HomePageTest">
          <skipped />
    </testcase>
            <testcase name="clickOnTheNextButtonOnCoursoual" time="0.0" classname="Voot.smac.pages.test.HomePageTest">
          <skipped />
    </testcase>
            <testcase name="verifyuserloginiconinHomepage" time="0.0" classname="Voot.smac.pages.test.HomePageTest">
          <skipped />
    </testcase>
            <testcase name="verifyMoviesmenuinHomepage" time="0.0" classname="Voot.smac.pages.test.HomePageTest">
          <skipped />
    </testcase>
            <testcase name="clickOnThePreviousButtonOnCoursoual" time="0.0" classname="Voot.smac.pages.test.HomePageTest">
          <skipped />
    </testcase>
  
  
</testsuite>
